<component name="libraryTable">
  <library name="junit-3.8.1">
    <CLASSES>
      <root url="jar://$PROJECT_DIR$/lib/junit-3.8.1.jar!/" />
      <root url="jar://$PROJECT_DIR$/lib/mysql-connector-java-5.1.36.jar!/" />
    </CLASSES>
    <JAVADOC />
    <SOURCES />
  </library>
</component>